<?xml version="1.0" encoding="UTF-8"?>
<!-- Generated by org.testng.reporters.JUnitReportReporter -->
<testsuite hostname="LAPTOP-69PVCUGI" name="Test.HomePageTest" tests="1" failures="0" timestamp="11 Apr 2020 17:15:23 GMT" time="11.969" errors="0">
  <testcase name="loginTC" time="11.969" classname="Test.HomePageTest"/>
</testsuite> <!-- Test.HomePageTest -->
