<?xml version="1.0" encoding="UTF-8"?>
<!-- Generated by org.testng.reporters.JUnitReportReporter -->
<testsuite hostname="LAPTOP-69PVCUGI" name="Test.RegistrationTest" tests="1" failures="0" timestamp="11 Apr 2020 17:18:33 GMT" time="13.249" errors="0">
  <testcase name="registrationTC" time="13.249" classname="Test.RegistrationTest"/>
</testsuite> <!-- Test.RegistrationTest -->
