<?xml version="1.0" encoding="UTF-8"?>
<!-- Generated by org.testng.reporters.JUnitReportReporter -->
<testsuite hostname="LAPTOP-69PVCUGI" name="Test.LoginTest" tests="1" failures="0" timestamp="10 Apr 2020 19:25:49 GMT" time="13.935" errors="0">
  <testcase name="loginTC" time="13.935" classname="Test.LoginTest"/>
</testsuite> <!-- Test.LoginTest -->
