<?xml version="1.0" encoding="UTF-8"?>
<!-- Generated by org.testng.reporters.JUnitReportReporter -->
<testsuite hostname="LAPTOP-69PVCUGI" name="Test.RegistrationTest" tests="1" failures="0" timestamp="10 Apr 2020 19:24:04 GMT" time="13.717" errors="0">
  <testcase name="registrationTC" time="13.717" classname="Test.RegistrationTest"/>
</testsuite> <!-- Test.RegistrationTest -->
